Copyright 1986-2016 Xilinx, Inc. All Rights Reserved.
------------------------------------------------------------------------------------
| Tool Version : Vivado v.2016.2 (lin64) Build 1577090 Thu Jun  2 16:32:35 MDT 2016
| Date         : Sun Oct 30 03:01:29 2016
| Host         : vagrant-ubuntu-trusty-64 running 64-bit Ubuntu 14.04.5 LTS
| Command      : report_drc -file midpoint_drc_opted.rpt
| Design       : midpoint
| Device       : xc7z010clg400-1
| Speed File   : -1
------------------------------------------------------------------------------------

Report DRC

Table of Contents
-----------------
1. REPORT SUMMARY
2. REPORT DETAILS

1. REPORT SUMMARY
-----------------
            Netlist: netlist
          Floorplan: design_1
      Design limits: <entire design considered>
           Ruledeck: default
             Max violations: <unlimited>
             Violations found: 5

2. REPORT DETAILS
-----------------
PLIO-3#1 Warning
Placement Constraints Check for IO constraints  
Partially locked IO Bus is found. Following components of the IO Bus btn[3:0] are not locked:  btn[3] btn[2] btn[1]
Related violations: <none>

PLIO-3#2 Warning
Placement Constraints Check for IO constraints  
Partially locked IO Bus is found. Following components of the IO Bus sw[3:0] are not locked:  sw[3]
Related violations: <none>

PLIO-7#1 Warning
Placement Constraints Check for IO constraints  
An IO Bus btn[3:0] with more than one IO standard is found. Components associated with this bus are: LVCMOS18 (btn[3], btn[2], btn[1]); LVCMOS33 (btn[0]); 
Related violations: <none>

PLIO-7#2 Warning
Placement Constraints Check for IO constraints  
An IO Bus sw[3:0] with more than one IO standard is found. Components associated with this bus are: LVCMOS18 (sw[3]); LVCMOS33 (sw[2], sw[1], sw[0]); 
Related violations: <none>

ZPS7-1#1 Warning
PS7 block required  
The PS7 cell must be used in this Zynq design in order to enable correct default configuration.
Related violations: <none>


